2025-06-04 21:29:24,677 DEBUG    root            Loaded Command Group: ['gcloud', 'components']
2025-06-04 21:29:24,679 DEBUG    root            Loaded Command Group: ['gcloud', 'components', 'update']
2025-06-04 21:29:24,681 DEBUG    root            Running [gcloud.components.update] with arguments: [--quiet: "True", COMPONENT-IDS:8: "['gcloud', 'core', 'bq', 'gsutil', 'compute', 'preview', 'alpha', 'beta']"]
2025-06-04 21:29:24,682 INFO     ___FILE_ONLY___ Beginning update. This process may take several minutes.

2025-06-04 21:29:24,691 DEBUG    urllib3.connectionpool Starting new HTTPS connection (1): dl.google.com:443
2025-06-04 21:29:24,774 DEBUG    urllib3.connectionpool https://dl.google.com:443 "GET /dl/cloudsdk/channels/rapid/components-2.json HTTP/11" 200 233994
2025-06-04 21:29:24,788 WARNING  root            Component [compute] no longer exists.
2025-06-04 21:29:24,788 INFO     ___FILE_ONLY___ 

2025-06-04 21:29:24,789 INFO     ___FILE_ONLY___ 
Your current Google Cloud CLI version is: 525.0.0

2025-06-04 21:29:24,789 INFO     ___FILE_ONLY___ Installing components from version: 525.0.0

2025-06-04 21:29:24,789 INFO     ___FILE_ONLY___ 

2025-06-04 21:29:24,789 DEBUG    root            Chosen display Format:table[box,title="These components will be removed."](details.display_name:label=Name:align=left,version.version_string:label=Version:align=right,data.size.size(zero="",min=1048576):label=Size:align=right)
2025-06-04 21:29:24,790 DEBUG    root            Chosen display Format:table[box,title="These components will be updated."](details.display_name:label=Name:align=left,version.version_string:label=Version:align=right,data.size.size(zero="",min=1048576):label=Size:align=right)
2025-06-04 21:29:24,790 DEBUG    root            Chosen display Format:table[box,title="These components will be installed."](details.display_name:label=Name:align=left,version.version_string:label=Version:align=right,data.size.size(zero="",min=1048576):label=Size:align=right)
2025-06-04 21:29:24,805 INFO     ___FILE_ONLY___ ┌────────────────────────────────────────────────┐
2025-06-04 21:29:24,805 INFO     ___FILE_ONLY___ 

2025-06-04 21:29:24,805 INFO     ___FILE_ONLY___ │      These components will be installed.       │
2025-06-04 21:29:24,805 INFO     ___FILE_ONLY___ 

2025-06-04 21:29:24,805 INFO     ___FILE_ONLY___ ├─────────────────────────┬────────────┬─────────┤
2025-06-04 21:29:24,805 INFO     ___FILE_ONLY___ 

2025-06-04 21:29:24,805 INFO     ___FILE_ONLY___ │           Name          │  Version   │   Size  │
2025-06-04 21:29:24,805 INFO     ___FILE_ONLY___ 

2025-06-04 21:29:24,805 INFO     ___FILE_ONLY___ ├─────────────────────────┼────────────┼─────────┤
2025-06-04 21:29:24,805 INFO     ___FILE_ONLY___ 

2025-06-04 21:29:24,805 INFO     ___FILE_ONLY___ │ 
2025-06-04 21:29:24,806 INFO     ___FILE_ONLY___ gcloud Alpha Commands  
2025-06-04 21:29:24,806 INFO     ___FILE_ONLY___  
2025-06-04 21:29:24,806 INFO     ___FILE_ONLY___ │ 
2025-06-04 21:29:24,806 INFO     ___FILE_ONLY___ 2025.05.30
2025-06-04 21:29:24,806 INFO     ___FILE_ONLY___  
2025-06-04 21:29:24,806 INFO     ___FILE_ONLY___ │ 
2025-06-04 21:29:24,806 INFO     ___FILE_ONLY___ < 1 MiB
2025-06-04 21:29:24,806 INFO     ___FILE_ONLY___  
2025-06-04 21:29:24,806 INFO     ___FILE_ONLY___ │
2025-06-04 21:29:24,806 INFO     ___FILE_ONLY___ 

2025-06-04 21:29:24,806 INFO     ___FILE_ONLY___ │ 
2025-06-04 21:29:24,806 INFO     ___FILE_ONLY___ gcloud Beta Commands   
2025-06-04 21:29:24,806 INFO     ___FILE_ONLY___  
2025-06-04 21:29:24,806 INFO     ___FILE_ONLY___ │ 
2025-06-04 21:29:24,806 INFO     ___FILE_ONLY___ 2025.05.30
2025-06-04 21:29:24,806 INFO     ___FILE_ONLY___  
2025-06-04 21:29:24,806 INFO     ___FILE_ONLY___ │ 
2025-06-04 21:29:24,806 INFO     ___FILE_ONLY___ < 1 MiB
2025-06-04 21:29:24,806 INFO     ___FILE_ONLY___  
2025-06-04 21:29:24,806 INFO     ___FILE_ONLY___ │
2025-06-04 21:29:24,806 INFO     ___FILE_ONLY___ 

2025-06-04 21:29:24,807 INFO     ___FILE_ONLY___ │ 
2025-06-04 21:29:24,807 INFO     ___FILE_ONLY___ gcloud Preview Commands
2025-06-04 21:29:24,807 INFO     ___FILE_ONLY___  
2025-06-04 21:29:24,807 INFO     ___FILE_ONLY___ │ 
2025-06-04 21:29:24,807 INFO     ___FILE_ONLY___           
2025-06-04 21:29:24,807 INFO     ___FILE_ONLY___  
2025-06-04 21:29:24,807 INFO     ___FILE_ONLY___ │ 
2025-06-04 21:29:24,807 INFO     ___FILE_ONLY___ < 1 MiB
2025-06-04 21:29:24,807 INFO     ___FILE_ONLY___  
2025-06-04 21:29:24,807 INFO     ___FILE_ONLY___ │
2025-06-04 21:29:24,807 INFO     ___FILE_ONLY___ 

2025-06-04 21:29:24,807 INFO     ___FILE_ONLY___ └─────────────────────────┴────────────┴─────────┘
2025-06-04 21:29:24,807 INFO     ___FILE_ONLY___ 

2025-06-04 21:29:24,807 INFO     ___FILE_ONLY___ 

2025-06-04 21:29:24,810 DEBUG    urllib3.connectionpool Starting new HTTPS connection (1): dl.google.com:443
2025-06-04 21:29:24,895 DEBUG    urllib3.connectionpool https://dl.google.com:443 "GET /dl/cloudsdk/channels/rapid/RELEASE_NOTES HTTP/11" 200 1428195
2025-06-04 21:29:25,355 INFO     ___FILE_ONLY___ For the latest full release notes, please visit:
  https://cloud.google.com/sdk/release_notes


2025-06-04 21:29:25,355 INFO     ___FILE_ONLY___ Performing in place update...


2025-06-04 21:29:25,358 INFO     ___FILE_ONLY___ ╔════════════════════════════════════════════════════════════╗

2025-06-04 21:29:25,358 INFO     ___FILE_ONLY___ ╠═ Downloading: gcloud Alpha Commands                       ═╣

2025-06-04 21:29:25,358 INFO     ___FILE_ONLY___ ╚
2025-06-04 21:29:25,361 DEBUG    urllib3.connectionpool Starting new HTTPS connection (1): dl.google.com:443
2025-06-04 21:29:25,476 DEBUG    urllib3.connectionpool https://dl.google.com:443 "GET /dl/cloudsdk/channels/rapid/components/google-cloud-sdk-alpha-20250530172306.tar.gz HTTP/11" 200 800
2025-06-04 21:29:25,477 INFO     ___FILE_ONLY___ ════════════════════════════════════════════════════════════
2025-06-04 21:29:25,477 INFO     ___FILE_ONLY___ ╝

2025-06-04 21:29:25,479 INFO     ___FILE_ONLY___ ╔════════════════════════════════════════════════════════════╗

2025-06-04 21:29:25,479 INFO     ___FILE_ONLY___ ╠═ Downloading: gcloud Beta Commands                        ═╣

2025-06-04 21:29:25,479 INFO     ___FILE_ONLY___ ╚
2025-06-04 21:29:25,483 DEBUG    urllib3.connectionpool Starting new HTTPS connection (1): dl.google.com:443
2025-06-04 21:29:25,566 DEBUG    urllib3.connectionpool https://dl.google.com:443 "GET /dl/cloudsdk/channels/rapid/components/google-cloud-sdk-beta-20250530172306.tar.gz HTTP/11" 200 797
2025-06-04 21:29:25,567 INFO     ___FILE_ONLY___ ════════════════════════════════════════════════════════════
2025-06-04 21:29:25,567 INFO     ___FILE_ONLY___ ╝

2025-06-04 21:29:25,569 INFO     ___FILE_ONLY___ ╔════════════════════════════════════════════════════════════╗

2025-06-04 21:29:25,569 INFO     ___FILE_ONLY___ ╠═ Downloading: gcloud Preview Commands                     ═╣

2025-06-04 21:29:25,569 INFO     ___FILE_ONLY___ ╚
2025-06-04 21:29:25,572 DEBUG    urllib3.connectionpool Starting new HTTPS connection (1): dl.google.com:443
2025-06-04 21:29:25,640 DEBUG    urllib3.connectionpool https://dl.google.com:443 "GET /dl/cloudsdk/channels/rapid/components/google-cloud-sdk-preview-20241115154308.tar.gz HTTP/11" 200 823
2025-06-04 21:29:25,641 INFO     ___FILE_ONLY___ ════════════════════════════════════════════════════════════
2025-06-04 21:29:25,641 INFO     ___FILE_ONLY___ ╝

2025-06-04 21:29:25,643 INFO     ___FILE_ONLY___ ╔════════════════════════════════════════════════════════════╗

2025-06-04 21:29:25,643 INFO     ___FILE_ONLY___ ╠═ Installing: gcloud Alpha Commands                        ═╣

2025-06-04 21:29:25,643 INFO     ___FILE_ONLY___ ╚
2025-06-04 21:29:25,644 INFO     ___FILE_ONLY___ ════════════════════════════════════════════════════════════
2025-06-04 21:29:25,644 INFO     ___FILE_ONLY___ ╝

2025-06-04 21:29:25,650 INFO     ___FILE_ONLY___ ╔════════════════════════════════════════════════════════════╗

2025-06-04 21:29:25,650 INFO     ___FILE_ONLY___ ╠═ Installing: gcloud Beta Commands                         ═╣

2025-06-04 21:29:25,650 INFO     ___FILE_ONLY___ ╚
2025-06-04 21:29:25,651 INFO     ___FILE_ONLY___ ════════════════════════════════════════════════════════════
2025-06-04 21:29:25,651 INFO     ___FILE_ONLY___ ╝

2025-06-04 21:29:25,657 INFO     ___FILE_ONLY___ ╔════════════════════════════════════════════════════════════╗

2025-06-04 21:29:25,657 INFO     ___FILE_ONLY___ ╠═ Installing: gcloud Preview Commands                      ═╣

2025-06-04 21:29:25,657 INFO     ___FILE_ONLY___ ╚
2025-06-04 21:29:25,658 INFO     ___FILE_ONLY___ ════════════════════════════════════════════════════════════
2025-06-04 21:29:25,658 INFO     ___FILE_ONLY___ ╝

2025-06-04 21:29:25,663 DEBUG    root            Updating notification cache...
2025-06-04 21:29:25,663 INFO     ___FILE_ONLY___ 

2025-06-04 21:29:25,665 INFO     ___FILE_ONLY___ Performing post processing steps...
2025-06-04 21:29:25,666 DEBUG    root            Executing command: ['/tools/google-cloud-sdk/bin/gcloud', 'components', 'post-process']
2025-06-04 21:29:34,162 DEBUG    ___FILE_ONLY___ 
2025-06-04 21:29:34,162 DEBUG    ___FILE_ONLY___ 
2025-06-04 21:29:34,177 INFO     root            descriptor_list: [{'universeDomain': 'googleapis.com', 'universeShortName': '', 'authenticationDomain': 'auth.cloud.google.com', 'projectPrefix': '', 'cloudWebDomain': 'cloud.google.com', 'documentationDomain': 'cloud.google.com', 'version': '1.0.0', 'state': 'primary', 'artifactRegistryDomain': 'pkg.dev'}]
2025-06-04 21:29:34,178 INFO     ___FILE_ONLY___ 
Update done!


2025-06-04 21:29:34,180 DEBUG    root            Chosen display Format:none
2025-06-04 21:29:34,180 INFO     root            Display format: "none"
